<?xml version="1.0" encoding="UTF-8"?>
<!-- Generated by org.testng.reporters.JUnitReportReporter -->
<testsuite skipped="0" hostname="DESKTOP-B4CJDIU" name="basicAnnotations.TestNGFirstClass" tests="3" failures="0" timestamp="2020-08-12T22:45:48 PDT" time="0.007" errors="0">
  <testcase name="test3" time="0.002" classname="basicAnnotations.TestNGFirstClass"/>
  <system-out/>
  <testcase name="test2" time="0.002" classname="basicAnnotations.TestNGFirstClass"/>
  <system-out/>
  <testcase name="test1" time="0.003" classname="basicAnnotations.TestNGFirstClass"/>
  <system-out/>
</testsuite> <!-- basicAnnotations.TestNGFirstClass -->
