<?xml version="1.0" encoding="UTF-8"?>
<!-- Generated by org.testng.reporters.JUnitReportReporter -->
<testsuite skipped="0" hostname="DESKTOP-B4CJDIU" name="basicAnnotations.TestNGClass2" tests="2" failures="0" timestamp="2020-08-12T22:45:48 PDT" time="0.006" errors="0">
  <testcase name="test2" time="0.001" classname="basicAnnotations.TestNGClass2"/>
  <system-out/>
  <testcase name="test1" time="0.005" classname="basicAnnotations.TestNGClass2"/>
  <system-out/>
</testsuite> <!-- basicAnnotations.TestNGClass2 -->
