<?xml version="1.0" encoding="UTF-8"?>
<!-- Generated by org.testng.reporters.JUnitReportReporter -->
<testsuite skipped="0" hostname="DESKTOP-B4CJDIU" name="testScripts.HomePage.HomePage" tests="6" failures="0" timestamp="2020-08-14T20:32:55 PDT" time="2.451" errors="0">
  <testcase name="verifyIsCamperVisible" time="0.026" classname="testScripts.HomePage.HomePage"/>
  <system-out/>
  <testcase name="verifyIsAutomobileVisible" time="0.183" classname="testScripts.HomePage.HomePage"/>
  <system-out/>
  <testcase name="verifyIsMotorCycleVisible" time="0.016" classname="testScripts.HomePage.HomePage"/>
  <system-out/>
  <testcase name="verifyIsTruckVisible" time="0.015" classname="testScripts.HomePage.HomePage"/>
  <system-out/>
  <testcase name="verifyIsAutobileClickable" time="1.454" classname="testScripts.HomePage.HomePage"/>
  <system-out/>
  <testcase name="verifyIsTruckClickable" time="0.757" classname="testScripts.HomePage.HomePage"/>
  <system-out/>
</testsuite> <!-- testScripts.HomePage.HomePage -->
