<?xml version="1.0" encoding="UTF-8"?>
<!-- Generated by org.testng.reporters.JUnitReportReporter -->
<testsuite skipped="0" hostname="DESKTOP-B4CJDIU" name="testNGAttributes.TestNGDataProvider" tests="3" failures="0" timestamp="2020-08-13T02:16:17 PDT" time="0.016" errors="0">
  <testcase name="login" time="0.001" classname="testNGAttributes.TestNGDataProvider"/>
  <system-out/>
  <testcase name="login" time="0.014" classname="testNGAttributes.TestNGDataProvider"/>
  <system-out/>
  <testcase name="login" time="0.001" classname="testNGAttributes.TestNGDataProvider"/>
  <system-out/>
</testsuite> <!-- testNGAttributes.TestNGDataProvider -->
