<?xml version="1.0" encoding="UTF-8"?>
<!-- Generated by org.testng.reporters.JUnitReportReporter -->
<testsuite skipped="0" hostname="DESKTOP-B4CJDIU" name="testNGAttributes.TestNGParameters" tests="1" failures="0" timestamp="2020-08-13T06:27:34 PDT" time="0.008" errors="0">
  <testcase name="launchBrowser" time="0.008" classname="testNGAttributes.TestNGParameters"/>
  <system-out/>
</testsuite> <!-- testNGAttributes.TestNGParameters -->
