<?xml version="1.0" encoding="UTF-8"?>
<!-- Generated by org.testng.reporters.JUnitReportReporter -->
<testsuite skipped="0" hostname="DESKTOP-B4CJDIU" name="samplePackage.Testing" tests="2" failures="0" timestamp="15 Aug 2020 05:48:04 GMT" time="26.484" errors="0">
  <testcase name="test2" time="26.476" classname="samplePackage.Testing"/>
  <testcase name="test1" time="0.008" classname="samplePackage.Testing"/>
</testsuite> <!-- samplePackage.Testing -->
